<?xml version="1.0" encoding="UTF-8"?>
<!-- Generated by org.testng.reporters.JUnitReportReporter -->
<testsuite hostname="DESKTOP-VT4BND7" failures="0" tests="1" name="com.test.testcases.Orderpagetest" time="0.000" errors="0" timestamp="2022-06-21T16:12:41 IST" skipped="1">
  <testcase classname="com.test.testcases.Orderpagetest" name="order" time="0.000">
    <skipped/>
  </testcase> <!-- order -->
  <system-out/>
</testsuite> <!-- com.test.testcases.Orderpagetest -->
