<?xml version="1.0" encoding="UTF-8"?>
<!-- Generated by org.testng.reporters.JUnitReportReporter -->
<testsuite hostname="DESKTOP-VT4BND7" failures="0" tests="3" name="com.test.testcases.Indexpagetest" time="0.000" errors="0" timestamp="2022-06-21T16:12:41 IST" skipped="3">
  <testcase classname="com.test.testcases.Indexpagetest" name="signinlink" time="0.000">
    <skipped/>
  </testcase> <!-- signinlink -->
  <system-out/>
  <testcase classname="com.test.testcases.Indexpagetest" name="verifyurl" time="0.000">
    <skipped/>
  </testcase> <!-- verifyurl -->
  <system-out/>
  <testcase classname="com.test.testcases.Indexpagetest" name="verifylogo" time="0.000">
    <skipped/>
  </testcase> <!-- verifylogo -->
  <system-out/>
</testsuite> <!-- com.test.testcases.Indexpagetest -->
